INFO:root:OI Scheduler started.
INFO:root:Market opened at 09:15.
INFO:root:Checking scheduled time: 2025-10-14 09:20:00 (now: 2025-10-14 09:39:58.615370)
INFO:root:Checking scheduled time: 2025-10-14 10:30:00 (now: 2025-10-14 09:39:58.615370)
INFO:root:Next run time selected: 2025-10-14 10:30:00
INFO:root:Waiting for next run at 10:30... 50 min left
INFO:root:Waiting for next run at 10:30... 49 min left
INFO:root:Waiting for next run at 10:30... 48 min left
INFO:root:Waiting for next run at 10:30... 47 min left
INFO:root:Waiting for next run at 10:30... 46 min left
INFO:root:Waiting for next run at 10:30... 45 min left
INFO:root:Waiting for next run at 10:30... 44 min left
INFO:root:Waiting for next run at 10:30... 43 min left
INFO:root:Waiting for next run at 10:30... 42 min left
INFO:root:Waiting for next run at 10:30... 41 min left
INFO:root:Waiting for next run at 10:30... 40 min left
INFO:root:Waiting for next run at 10:30... 39 min left
INFO:root:Waiting for next run at 10:30... 38 min left
INFO:root:Waiting for next run at 10:30... 37 min left
INFO:root:Waiting for next run at 10:30... 36 min left
INFO:root:Waiting for next run at 10:30... 35 min left
INFO:root:Waiting for next run at 10:30... 34 min left
INFO:root:Waiting for next run at 10:30... 33 min left
INFO:root:Waiting for next run at 10:30... 32 min left
INFO:root:Waiting for next run at 10:30... 31 min left
INFO:root:Waiting for next run at 10:30... 30 min left
INFO:root:Waiting for next run at 10:30... 29 min left
INFO:root:Waiting for next run at 10:30... 28 min left
INFO:root:Waiting for next run at 10:30... 27 min left
INFO:root:Waiting for next run at 10:30... 26 min left
INFO:root:Waiting for next run at 10:30... 25 min left
INFO:root:Waiting for next run at 10:30... 24 min left
INFO:root:Waiting for next run at 10:30... 23 min left
INFO:root:Waiting for next run at 10:30... 22 min left
INFO:root:Waiting for next run at 10:30... 21 min left
INFO:root:Waiting for next run at 10:30... 20 min left
INFO:root:Waiting for next run at 10:30... 19 min left
INFO:root:Waiting for next run at 10:30... 18 min left
INFO:root:Waiting for next run at 10:30... 17 min left
INFO:root:Waiting for next run at 10:30... 16 min left
INFO:root:Waiting for next run at 10:30... 15 min left
INFO:root:Waiting for next run at 10:30... 14 min left
INFO:root:Waiting for next run at 10:30... 13 min left
INFO:root:Waiting for next run at 10:30... 12 min left
INFO:root:Waiting for next run at 10:30... 11 min left
INFO:root:Waiting for next run at 10:30... 10 min left
INFO:root:Waiting for next run at 10:30... 9 min left
INFO:root:Waiting for next run at 10:30... 8 min left
INFO:root:Waiting for next run at 10:30... 7 min left
INFO:root:Waiting for next run at 10:30... 6 min left
INFO:root:Waiting for next run at 10:30... 5 min left
INFO:root:Waiting for next run at 10:30... 4 min left
INFO:root:Waiting for next run at 10:30... 3 min left
INFO:root:Waiting for next run at 10:30... 2 min left
INFO:root:Waiting for next run at 10:30... 1 min left
INFO:root:Waiting for next run at 10:30... 0 min left
INFO:root:Running OI strategy at 10:30
INFO:OI_STRATEGY:Starting OI Strategy for NIFTY...
INFO:root:Authenticating with Fyers API...
INFO:root:Fyers API authentication successful.
INFO:root:Fetching option chain for NSE:NIFTY50-INDEX...
