INFO - Fyers client authenticated successfully
INFO - Starting 5-min breakout strategy (BANKNIFTY).
INFO - Waiting for market to open (09:15 IST)...
INFO - Waiting for market to open (09:15 IST)...
INFO - Waiting for market to open (09:15 IST)...
INFO - Waiting for market to open (09:15 IST)...
INFO - Waiting for market to open (09:15 IST)...
INFO - Waiting for market to open (09:15 IST)...
INFO - Waiting for market to open (09:15 IST)...
INFO - Waiting for market to open (09:15 IST)...
INFO - Waiting for market to open (09:15 IST)...
INFO - Waiting for market to open (09:15 IST)...
INFO - Waiting for market to open (09:15 IST)...
INFO - Waiting for market to open (09:15 IST)...
INFO - Waiting for market to open (09:15 IST)...
INFO - Waiting for market to open (09:15 IST)...
INFO - Waiting for market to open (09:15 IST)...
INFO - Waiting for market to open (09:15 IST)...
INFO - Waiting for market to open (09:15 IST)...
INFO - Waiting for market to open (09:15 IST)...
INFO - Waiting for market to open (09:15 IST)...
INFO - Waiting for market to open (09:15 IST)...
INFO - Waiting for market to open (09:15 IST)...
INFO - Waiting for market to open (09:15 IST)...
INFO - Waiting for market to open (09:15 IST)...
INFO - Waiting for market to open (09:15 IST)...
INFO - Waiting for market to open (09:15 IST)...
INFO - Waiting for market to open (09:15 IST)...
INFO - Waiting for market to open (09:15 IST)...
INFO - Waiting for market to open (09:15 IST)...
INFO - Waiting for market to open (09:15 IST)...
INFO - Waiting for market to open (09:15 IST)...
INFO - Waiting for market to open (09:15 IST)...
INFO - Waiting for market to open (09:15 IST)...
INFO - Waiting for market to open (09:15 IST)...
INFO - Waiting for market to open (09:15 IST)...
INFO - Waiting for market to open (09:15 IST)...
INFO - Waiting for market to open (09:15 IST)...
INFO - Waiting for market to open (09:15 IST)...
INFO - Waiting for market to open (09:15 IST)...
INFO - Waiting for market to open (09:15 IST)...
INFO - Waiting for market to open (09:15 IST)...
INFO - Waiting for market to open (09:15 IST)...
INFO - Waiting for market to open (09:15 IST)...
INFO - Waiting for market to open (09:15 IST)...
INFO - Waiting for market to open (09:15 IST)...
INFO - Waiting for market to open (09:15 IST)...
INFO - Waiting for market to open (09:15 IST)...
INFO - Waiting for market to open (09:15 IST)...
INFO - Waiting for market to open (09:15 IST)...
INFO - Waiting for market to open (09:15 IST)...
INFO - Waiting for market to open (09:15 IST)...
INFO - Waiting for market to open (09:15 IST)...
INFO - Waiting for market to open (09:15 IST)...
INFO - Waiting for market to open (09:15 IST)...
INFO - Waiting for market to open (09:15 IST)...
INFO - Waiting for market to open (09:15 IST)...
INFO - Waiting for market to open (09:15 IST)...
INFO - Waiting for market to open (09:15 IST)...
INFO - Waiting for market to open (09:15 IST)...
INFO - Waiting for market to open (09:15 IST)...
INFO - Waiting for market to open (09:15 IST)...
INFO - Waiting for market to open (09:15 IST)...
INFO - Waiting for market to open (09:15 IST)...
INFO - Waiting for market to open (09:15 IST)...
INFO - Waiting for market to open (09:15 IST)...
INFO - Waiting for market to open (09:15 IST)...
INFO - Waiting for market to open (09:15 IST)...
INFO - Waiting for market to open (09:15 IST)...
INFO - Waiting for market to open (09:15 IST)...
INFO - Waiting for market to open (09:15 IST)...
INFO - Waiting for market to open (09:15 IST)...
INFO - Waiting for market to open (09:15 IST)...
INFO - Waiting for market to open (09:15 IST)...
INFO - Waiting for market to open (09:15 IST)...
INFO - Waiting for market to open (09:15 IST)...
INFO - Waiting for market to open (09:15 IST)...
INFO - Waiting for market to open (09:15 IST)...
INFO - Waiting for market to open (09:15 IST)...
INFO - Waiting for market to open (09:15 IST)...
INFO - Waiting for market to open (09:15 IST)...
INFO - Waiting for market to open (09:15 IST)...
INFO - Waiting for market to open (09:15 IST)...
INFO - Waiting for market to open (09:15 IST)...
INFO - Waiting for market to open (09:15 IST)...
INFO - Waiting for market to open (09:15 IST)...
INFO - Waiting for market to open (09:15 IST)...
INFO - Waiting for market to open (09:15 IST)...
INFO - Waiting for market to open (09:15 IST)...
INFO - Waiting for market to open (09:15 IST)...
INFO - Waiting for market to open (09:15 IST)...
INFO - Waiting for market to open (09:15 IST)...
INFO - Waiting for market to open (09:15 IST)...
INFO - Waiting for market to open (09:15 IST)...
INFO - Waiting for market to open (09:15 IST)...
INFO - Waiting for market to open (09:15 IST)...
INFO - Waiting for market to open (09:15 IST)...
INFO - Waiting for market to open (09:15 IST)...
INFO - Waiting for market to open (09:15 IST)...
INFO - Waiting for market to open (09:15 IST)...
INFO - Waiting for market to open (09:15 IST)...
INFO - Waiting for market to open (09:15 IST)...
INFO - Waiting for market to open (09:15 IST)...
INFO - Waiting for market to open (09:15 IST)...
INFO - Waiting for market to open (09:15 IST)...
INFO - Waiting for market to open (09:15 IST)...
INFO - Waiting for market to open (09:15 IST)...
INFO - Waiting for market to open (09:15 IST)...
INFO - Waiting for market to open (09:15 IST)...
INFO - Waiting for market to open (09:15 IST)...
INFO - Waiting for market to open (09:15 IST)...
INFO - Waiting for market to open (09:15 IST)...
INFO - Waiting for market to open (09:15 IST)...
INFO - Waiting for market to open (09:15 IST)...
INFO - Waiting for market to open (09:15 IST)...
INFO - Waiting for market to open (09:15 IST)...
INFO - Waiting for market to open (09:15 IST)...
INFO - Waiting for market to open (09:15 IST)...
INFO - Waiting for market to open (09:15 IST)...
INFO - Waiting for market to open (09:15 IST)...
INFO - Waiting for market to open (09:15 IST)...
INFO - Waiting for market to open (09:15 IST)...
INFO - Waiting for market to open (09:15 IST)...
INFO - Waiting for market to open (09:15 IST)...
INFO - Waiting for market to open (09:15 IST)...
INFO - Waiting for market to open (09:15 IST)...
INFO - Waiting for market to open (09:15 IST)...
INFO - Waiting for market to open (09:15 IST)...
INFO - Waiting for market to open (09:15 IST)...
INFO - Waiting for market to open (09:15 IST)...
INFO - Waiting for market to open (09:15 IST)...
INFO - Waiting 273 seconds until 9:20 IST for first 5-min candle to form...
INFO - Reached 9:20 IST. Proceeding to fetch first 5-min candle.
INFO - 5-min OHLC for NSE:NIFTYBANK-INDEX: O=58314.55, H=58381.75, L=58157.6, C=58229.7, Time=09:15
INFO - 5-min OHLC for option NSE:BANKNIFTY25OCT58400CE: O=225.0, H=251.05, L=195.3, C=216.9, Time=09:15
INFO - 5-min OHLC for option NSE:BANKNIFTY25OCT58200PE: O=300.0, H=353.15, L=258.7, C=326.85, Time=09:15
INFO - Monitoring CE NSE:BANKNIFTY25OCT58400CE for breakout above 256.05
INFO - Monitoring PE NSE:BANKNIFTY25OCT58200PE for breakout above 358.15
INFO - Monitoring: CE NSE:BANKNIFTY25OCT58400CE LTP: 219.50 | Need > 256.05
INFO - Monitoring: PE NSE:BANKNIFTY25OCT58200PE LTP: 324.25 | Need > 358.15
INFO - Monitoring: CE NSE:BANKNIFTY25OCT58400CE LTP: 220.45 | Need > 256.05
INFO - Monitoring: PE NSE:BANKNIFTY25OCT58200PE LTP: 323.15 | Need > 358.15
INFO - Monitoring: CE NSE:BANKNIFTY25OCT58400CE LTP: 222.00 | Need > 256.05
INFO - Monitoring: PE NSE:BANKNIFTY25OCT58200PE LTP: 328.10 | Need > 358.15
INFO - Monitoring: CE NSE:BANKNIFTY25OCT58400CE LTP: 219.60 | Need > 256.05
INFO - Monitoring: PE NSE:BANKNIFTY25OCT58200PE LTP: 329.45 | Need > 358.15
INFO - Monitoring: CE NSE:BANKNIFTY25OCT58400CE LTP: 217.05 | Need > 256.05
INFO - Monitoring: PE NSE:BANKNIFTY25OCT58200PE LTP: 332.20 | Need > 358.15
INFO - Monitoring: CE NSE:BANKNIFTY25OCT58400CE LTP: 220.30 | Need > 256.05
INFO - Monitoring: PE NSE:BANKNIFTY25OCT58200PE LTP: 326.20 | Need > 358.15
INFO - Monitoring: CE NSE:BANKNIFTY25OCT58400CE LTP: 223.25 | Need > 256.05
INFO - Monitoring: PE NSE:BANKNIFTY25OCT58200PE LTP: 327.40 | Need > 358.15
INFO - Monitoring: CE NSE:BANKNIFTY25OCT58400CE LTP: 224.00 | Need > 256.05
INFO - Monitoring: PE NSE:BANKNIFTY25OCT58200PE LTP: 330.85 | Need > 358.15
INFO - Monitoring: CE NSE:BANKNIFTY25OCT58400CE LTP: 225.00 | Need > 256.05
INFO - Monitoring: PE NSE:BANKNIFTY25OCT58200PE LTP: 330.60 | Need > 358.15
INFO - Monitoring: CE NSE:BANKNIFTY25OCT58400CE LTP: 222.90 | Need > 256.05
INFO - Monitoring: PE NSE:BANKNIFTY25OCT58200PE LTP: 336.25 | Need > 358.15
INFO - Monitoring: CE NSE:BANKNIFTY25OCT58400CE LTP: 218.70 | Need > 256.05
INFO - Monitoring: PE NSE:BANKNIFTY25OCT58200PE LTP: 336.55 | Need > 358.15
INFO - Monitoring: CE NSE:BANKNIFTY25OCT58400CE LTP: 219.80 | Need > 256.05
INFO - Monitoring: PE NSE:BANKNIFTY25OCT58200PE LTP: 337.15 | Need > 358.15
INFO - Monitoring: CE NSE:BANKNIFTY25OCT58400CE LTP: 220.40 | Need > 256.05
INFO - Monitoring: PE NSE:BANKNIFTY25OCT58200PE LTP: 336.65 | Need > 358.15
INFO - Monitoring: CE NSE:BANKNIFTY25OCT58400CE LTP: 222.80 | Need > 256.05
INFO - Monitoring: PE NSE:BANKNIFTY25OCT58200PE LTP: 335.85 | Need > 358.15
INFO - Monitoring: CE NSE:BANKNIFTY25OCT58400CE LTP: 223.95 | Need > 256.05
INFO - Monitoring: PE NSE:BANKNIFTY25OCT58200PE LTP: 335.95 | Need > 358.15
INFO - Monitoring: CE NSE:BANKNIFTY25OCT58400CE LTP: 223.60 | Need > 256.05
INFO - Monitoring: PE NSE:BANKNIFTY25OCT58200PE LTP: 337.40 | Need > 358.15
INFO - Monitoring: CE NSE:BANKNIFTY25OCT58400CE LTP: 221.00 | Need > 256.05
INFO - Monitoring: PE NSE:BANKNIFTY25OCT58200PE LTP: 339.70 | Need > 358.15
INFO - Monitoring: CE NSE:BANKNIFTY25OCT58400CE LTP: 219.40 | Need > 256.05
INFO - Monitoring: PE NSE:BANKNIFTY25OCT58200PE LTP: 339.95 | Need > 358.15
INFO - Monitoring: CE NSE:BANKNIFTY25OCT58400CE LTP: 217.80 | Need > 256.05
INFO - Monitoring: PE NSE:BANKNIFTY25OCT58200PE LTP: 342.35 | Need > 358.15
INFO - Monitoring: CE NSE:BANKNIFTY25OCT58400CE LTP: 219.15 | Need > 256.05
INFO - Monitoring: PE NSE:BANKNIFTY25OCT58200PE LTP: 342.25 | Need > 358.15
INFO - Monitoring: CE NSE:BANKNIFTY25OCT58400CE LTP: 219.70 | Need > 256.05
INFO - Monitoring: PE NSE:BANKNIFTY25OCT58200PE LTP: 341.75 | Need > 358.15
INFO - Monitoring: CE NSE:BANKNIFTY25OCT58400CE LTP: 222.75 | Need > 256.05
INFO - Monitoring: PE NSE:BANKNIFTY25OCT58200PE LTP: 344.85 | Need > 358.15
INFO - Monitoring: CE NSE:BANKNIFTY25OCT58400CE LTP: 219.95 | Need > 256.05
INFO - Monitoring: PE NSE:BANKNIFTY25OCT58200PE LTP: 344.90 | Need > 358.15
INFO - Monitoring: CE NSE:BANKNIFTY25OCT58400CE LTP: 220.70 | Need > 256.05
INFO - Monitoring: PE NSE:BANKNIFTY25OCT58200PE LTP: 346.00 | Need > 358.15
INFO - Monitoring: CE NSE:BANKNIFTY25OCT58400CE LTP: 221.65 | Need > 256.05
INFO - Monitoring: PE NSE:BANKNIFTY25OCT58200PE LTP: 343.15 | Need > 358.15
INFO - Monitoring: CE NSE:BANKNIFTY25OCT58400CE LTP: 222.10 | Need > 256.05
INFO - Monitoring: PE NSE:BANKNIFTY25OCT58200PE LTP: 336.65 | Need > 358.15
INFO - Monitoring: CE NSE:BANKNIFTY25OCT58400CE LTP: 227.00 | Need > 256.05
INFO - Monitoring: PE NSE:BANKNIFTY25OCT58200PE LTP: 336.95 | Need > 358.15
INFO - Monitoring: CE NSE:BANKNIFTY25OCT58400CE LTP: 227.45 | Need > 256.05
INFO - Monitoring: PE NSE:BANKNIFTY25OCT58200PE LTP: 336.00 | Need > 358.15
INFO - Monitoring: CE NSE:BANKNIFTY25OCT58400CE LTP: 230.00 | Need > 256.05
INFO - Monitoring: PE NSE:BANKNIFTY25OCT58200PE LTP: 335.50 | Need > 358.15
INFO - Monitoring: CE NSE:BANKNIFTY25OCT58400CE LTP: 229.40 | Need > 256.05
INFO - Monitoring: PE NSE:BANKNIFTY25OCT58200PE LTP: 333.00 | Need > 358.15
INFO - Monitoring: CE NSE:BANKNIFTY25OCT58400CE LTP: 228.80 | Need > 256.05
INFO - Monitoring: PE NSE:BANKNIFTY25OCT58200PE LTP: 336.10 | Need > 358.15
INFO - Monitoring: CE NSE:BANKNIFTY25OCT58400CE LTP: 229.00 | Need > 256.05
INFO - Monitoring: PE NSE:BANKNIFTY25OCT58200PE LTP: 332.35 | Need > 358.15
INFO - Monitoring: CE NSE:BANKNIFTY25OCT58400CE LTP: 230.35 | Need > 256.05
INFO - Monitoring: PE NSE:BANKNIFTY25OCT58200PE LTP: 335.15 | Need > 358.15
INFO - Monitoring: CE NSE:BANKNIFTY25OCT58400CE LTP: 230.50 | Need > 256.05
INFO - Monitoring: PE NSE:BANKNIFTY25OCT58200PE LTP: 331.95 | Need > 358.15
INFO - Monitoring: CE NSE:BANKNIFTY25OCT58400CE LTP: 230.60 | Need > 256.05
INFO - Monitoring: PE NSE:BANKNIFTY25OCT58200PE LTP: 332.55 | Need > 358.15
INFO - Monitoring: CE NSE:BANKNIFTY25OCT58400CE LTP: 231.15 | Need > 256.05
INFO - Monitoring: PE NSE:BANKNIFTY25OCT58200PE LTP: 331.30 | Need > 358.15
INFO - Monitoring: CE NSE:BANKNIFTY25OCT58400CE LTP: 231.00 | Need > 256.05
INFO - Monitoring: PE NSE:BANKNIFTY25OCT58200PE LTP: 330.60 | Need > 358.15
INFO - Monitoring: CE NSE:BANKNIFTY25OCT58400CE LTP: 231.10 | Need > 256.05
INFO - Monitoring: PE NSE:BANKNIFTY25OCT58200PE LTP: 330.45 | Need > 358.15
INFO - Monitoring: CE NSE:BANKNIFTY25OCT58400CE LTP: 230.85 | Need > 256.05
INFO - Monitoring: PE NSE:BANKNIFTY25OCT58200PE LTP: 329.35 | Need > 358.15
INFO - Monitoring: CE NSE:BANKNIFTY25OCT58400CE LTP: 231.60 | Need > 256.05
INFO - Monitoring: PE NSE:BANKNIFTY25OCT58200PE LTP: 329.95 | Need > 358.15
INFO - Monitoring: CE NSE:BANKNIFTY25OCT58400CE LTP: 232.90 | Need > 256.05
INFO - Monitoring: PE NSE:BANKNIFTY25OCT58200PE LTP: 330.40 | Need > 358.15
INFO - Monitoring: CE NSE:BANKNIFTY25OCT58400CE LTP: 233.10 | Need > 256.05
INFO - Monitoring: PE NSE:BANKNIFTY25OCT58200PE LTP: 330.55 | Need > 358.15
INFO - Monitoring: CE NSE:BANKNIFTY25OCT58400CE LTP: 235.35 | Need > 256.05
INFO - Monitoring: PE NSE:BANKNIFTY25OCT58200PE LTP: 330.55 | Need > 358.15
INFO - Monitoring: CE NSE:BANKNIFTY25OCT58400CE LTP: 233.20 | Need > 256.05
INFO - Monitoring: PE NSE:BANKNIFTY25OCT58200PE LTP: 332.00 | Need > 358.15
INFO - Monitoring: CE NSE:BANKNIFTY25OCT58400CE LTP: 233.85 | Need > 256.05
INFO - Monitoring: PE NSE:BANKNIFTY25OCT58200PE LTP: 329.05 | Need > 358.15
INFO - Monitoring: CE NSE:BANKNIFTY25OCT58400CE LTP: 234.40 | Need > 256.05
INFO - Monitoring: PE NSE:BANKNIFTY25OCT58200PE LTP: 330.15 | Need > 358.15
INFO - Monitoring: CE NSE:BANKNIFTY25OCT58400CE LTP: 232.00 | Need > 256.05
INFO - Monitoring: PE NSE:BANKNIFTY25OCT58200PE LTP: 333.60 | Need > 358.15
INFO - Monitoring: CE NSE:BANKNIFTY25OCT58400CE LTP: 230.55 | Need > 256.05
INFO - Monitoring: PE NSE:BANKNIFTY25OCT58200PE LTP: 332.85 | Need > 358.15
INFO - Monitoring: CE NSE:BANKNIFTY25OCT58400CE LTP: 228.90 | Need > 256.05
INFO - Monitoring: PE NSE:BANKNIFTY25OCT58200PE LTP: 338.00 | Need > 358.15
INFO - Monitoring: CE NSE:BANKNIFTY25OCT58400CE LTP: 229.50 | Need > 256.05
INFO - Monitoring: PE NSE:BANKNIFTY25OCT58200PE LTP: 338.45 | Need > 358.15
INFO - Monitoring: CE NSE:BANKNIFTY25OCT58400CE LTP: 228.30 | Need > 256.05
INFO - Monitoring: PE NSE:BANKNIFTY25OCT58200PE LTP: 338.80 | Need > 358.15
INFO - Monitoring: CE NSE:BANKNIFTY25OCT58400CE LTP: 226.70 | Need > 256.05
INFO - Monitoring: PE NSE:BANKNIFTY25OCT58200PE LTP: 342.75 | Need > 358.15
INFO - Monitoring: CE NSE:BANKNIFTY25OCT58400CE LTP: 225.05 | Need > 256.05
INFO - Monitoring: PE NSE:BANKNIFTY25OCT58200PE LTP: 344.15 | Need > 358.15
INFO - Monitoring: CE NSE:BANKNIFTY25OCT58400CE LTP: 226.80 | Need > 256.05
INFO - Monitoring: PE NSE:BANKNIFTY25OCT58200PE LTP: 341.35 | Need > 358.15
INFO - Monitoring: CE NSE:BANKNIFTY25OCT58400CE LTP: 226.80 | Need > 256.05
INFO - Monitoring: PE NSE:BANKNIFTY25OCT58200PE LTP: 340.00 | Need > 358.15
INFO - Monitoring: CE NSE:BANKNIFTY25OCT58400CE LTP: 227.65 | Need > 256.05
INFO - Monitoring: PE NSE:BANKNIFTY25OCT58200PE LTP: 344.90 | Need > 358.15
INFO - Monitoring: CE NSE:BANKNIFTY25OCT58400CE LTP: 230.15 | Need > 256.05
INFO - Monitoring: PE NSE:BANKNIFTY25OCT58200PE LTP: 339.05 | Need > 358.15
INFO - Monitoring: CE NSE:BANKNIFTY25OCT58400CE LTP: 231.10 | Need > 256.05
INFO - Monitoring: PE NSE:BANKNIFTY25OCT58200PE LTP: 338.95 | Need > 358.15
INFO - Monitoring: CE NSE:BANKNIFTY25OCT58400CE LTP: 230.15 | Need > 256.05
INFO - Monitoring: PE NSE:BANKNIFTY25OCT58200PE LTP: 337.70 | Need > 358.15
INFO - Monitoring: CE NSE:BANKNIFTY25OCT58400CE LTP: 227.00 | Need > 256.05
INFO - Monitoring: PE NSE:BANKNIFTY25OCT58200PE LTP: 341.15 | Need > 358.15
INFO - Monitoring: CE NSE:BANKNIFTY25OCT58400CE LTP: 227.80 | Need > 256.05
INFO - Monitoring: PE NSE:BANKNIFTY25OCT58200PE LTP: 341.60 | Need > 358.15
INFO - Monitoring: CE NSE:BANKNIFTY25OCT58400CE LTP: 228.10 | Need > 256.05
INFO - Monitoring: PE NSE:BANKNIFTY25OCT58200PE LTP: 338.60 | Need > 358.15
INFO - Monitoring: CE NSE:BANKNIFTY25OCT58400CE LTP: 230.25 | Need > 256.05
INFO - Monitoring: PE NSE:BANKNIFTY25OCT58200PE LTP: 336.00 | Need > 358.15
INFO - Monitoring: CE NSE:BANKNIFTY25OCT58400CE LTP: 231.75 | Need > 256.05
INFO - Monitoring: PE NSE:BANKNIFTY25OCT58200PE LTP: 328.60 | Need > 358.15
INFO - Monitoring: CE NSE:BANKNIFTY25OCT58400CE LTP: 235.05 | Need > 256.05
INFO - Monitoring: PE NSE:BANKNIFTY25OCT58200PE LTP: 331.15 | Need > 358.15
INFO - Monitoring: CE NSE:BANKNIFTY25OCT58400CE LTP: 238.05 | Need > 256.05
INFO - Monitoring: PE NSE:BANKNIFTY25OCT58200PE LTP: 320.00 | Need > 358.15
INFO - Monitoring: CE NSE:BANKNIFTY25OCT58400CE LTP: 240.25 | Need > 256.05
INFO - Monitoring: PE NSE:BANKNIFTY25OCT58200PE LTP: 324.50 | Need > 358.15
INFO - Monitoring: CE NSE:BANKNIFTY25OCT58400CE LTP: 240.15 | Need > 256.05
INFO - Monitoring: PE NSE:BANKNIFTY25OCT58200PE LTP: 323.35 | Need > 358.15
INFO - Monitoring: CE NSE:BANKNIFTY25OCT58400CE LTP: 241.55 | Need > 256.05
INFO - Monitoring: PE NSE:BANKNIFTY25OCT58200PE LTP: 322.75 | Need > 358.15
INFO - Monitoring: CE NSE:BANKNIFTY25OCT58400CE LTP: 242.30 | Need > 256.05
INFO - Monitoring: PE NSE:BANKNIFTY25OCT58200PE LTP: 316.20 | Need > 358.15
INFO - Monitoring: CE NSE:BANKNIFTY25OCT58400CE LTP: 247.70 | Need > 256.05
INFO - Monitoring: PE NSE:BANKNIFTY25OCT58200PE LTP: 315.00 | Need > 358.15
INFO - Monitoring: CE NSE:BANKNIFTY25OCT58400CE LTP: 248.20 | Need > 256.05
INFO - Monitoring: PE NSE:BANKNIFTY25OCT58200PE LTP: 312.50 | Need > 358.15
INFO - Monitoring: CE NSE:BANKNIFTY25OCT58400CE LTP: 249.45 | Need > 256.05
INFO - Monitoring: PE NSE:BANKNIFTY25OCT58200PE LTP: 310.45 | Need > 358.15
INFO - Monitoring: CE NSE:BANKNIFTY25OCT58400CE LTP: 249.65 | Need > 256.05
INFO - Monitoring: PE NSE:BANKNIFTY25OCT58200PE LTP: 310.55 | Need > 358.15
INFO - Monitoring: CE NSE:BANKNIFTY25OCT58400CE LTP: 248.10 | Need > 256.05
INFO - Monitoring: PE NSE:BANKNIFTY25OCT58200PE LTP: 311.55 | Need > 358.15
INFO - Monitoring: CE NSE:BANKNIFTY25OCT58400CE LTP: 250.20 | Need > 256.05
INFO - Monitoring: PE NSE:BANKNIFTY25OCT58200PE LTP: 309.50 | Need > 358.15
INFO - Monitoring: CE NSE:BANKNIFTY25OCT58400CE LTP: 252.45 | Need > 256.05
INFO - Monitoring: PE NSE:BANKNIFTY25OCT58200PE LTP: 307.30 | Need > 358.15
INFO - Monitoring: CE NSE:BANKNIFTY25OCT58400CE LTP: 254.30 | Need > 256.05
INFO - Monitoring: PE NSE:BANKNIFTY25OCT58200PE LTP: 306.20 | Need > 358.15
INFO - *** BREAKOUT DETECTED! CE NSE:BANKNIFTY25OCT58400CE LTP: 258.45 > 256.05
INFO -    Premium over breakout: 0.9% (within 5% limit)
INFO - Trade ENTRY: BUY NSE:BANKNIFTY25OCT58400CE - 1 lots (35 qty) at 258.45 | Time: 2025-10-23 09:24:23
INFO -    Stop Loss: 243.45 | Target: 288.45
INFO - Trade logged: 2025-10-23 09:24:23,NSE:BANKNIFTY25OCT58400CE,BUY,258.45,35,ENTRY
INFO - [TRADE STATUS] Symbol: NSE:BANKNIFTY25OCT58400CE | Entry: 258.45 | LTP: 258 | SL: 243.45 | Trailing SL: 243.45 | Target: 288.45 | PnL: -15.749999999999602 | MaxUp: -15.749999999999602 | MaxUp(%): -0.17 | MaxDown: -15.749999999999602
INFO - [TRADE STATUS] Symbol: NSE:BANKNIFTY25OCT58400CE | Entry: 258.45 | LTP: 258.2 | SL: 243.45 | Trailing SL: 243.45 | Target: 288.45 | PnL: -8.75 | MaxUp: -8.75 | MaxUp(%): -0.10 | MaxDown: -15.749999999999602
INFO - [TRADE STATUS] Symbol: NSE:BANKNIFTY25OCT58400CE | Entry: 258.45 | LTP: 258.5 | SL: 243.45 | Trailing SL: 243.45 | Target: 288.45 | PnL: 1.750000000000398 | MaxUp: 1.750000000000398 | MaxUp(%): 0.02 | MaxDown: -15.749999999999602
INFO - [TRADE STATUS] Symbol: NSE:BANKNIFTY25OCT58400CE | Entry: 258.45 | LTP: 261.25 | SL: 243.45 | Trailing SL: 243.45 | Target: 288.45 | PnL: 98.0000000000004 | MaxUp: 98.0000000000004 | MaxUp(%): 1.08 | MaxDown: -15.749999999999602
INFO - [TRADE STATUS] Symbol: NSE:BANKNIFTY25OCT58400CE | Entry: 258.45 | LTP: 255.3 | SL: 243.45 | Trailing SL: 243.45 | Target: 288.45 | PnL: -110.2499999999992 | MaxUp: 98.0000000000004 | MaxUp(%): 1.08 | MaxDown: -110.2499999999992
INFO - [TRADE STATUS] Symbol: NSE:BANKNIFTY25OCT58400CE | Entry: 258.45 | LTP: 257.75 | SL: 243.45 | Trailing SL: 243.45 | Target: 288.45 | PnL: -24.499999999999602 | MaxUp: 98.0000000000004 | MaxUp(%): 1.08 | MaxDown: -110.2499999999992
INFO - [TRADE STATUS] Symbol: NSE:BANKNIFTY25OCT58400CE | Entry: 258.45 | LTP: 253.85 | SL: 243.45 | Trailing SL: 243.45 | Target: 288.45 | PnL: -160.9999999999998 | MaxUp: 98.0000000000004 | MaxUp(%): 1.08 | MaxDown: -160.9999999999998
INFO - [TRADE STATUS] Symbol: NSE:BANKNIFTY25OCT58400CE | Entry: 258.45 | LTP: 252.3 | SL: 243.45 | Trailing SL: 243.45 | Target: 288.45 | PnL: -215.2499999999992 | MaxUp: 98.0000000000004 | MaxUp(%): 1.08 | MaxDown: -215.2499999999992
INFO - [TRADE STATUS] Symbol: NSE:BANKNIFTY25OCT58400CE | Entry: 258.45 | LTP: 252 | SL: 243.45 | Trailing SL: 243.45 | Target: 288.45 | PnL: -225.7499999999996 | MaxUp: 98.0000000000004 | MaxUp(%): 1.08 | MaxDown: -225.7499999999996
INFO - [TRADE STATUS] Symbol: NSE:BANKNIFTY25OCT58400CE | Entry: 258.45 | LTP: 250.75 | SL: 243.45 | Trailing SL: 243.45 | Target: 288.45 | PnL: -269.4999999999996 | MaxUp: 98.0000000000004 | MaxUp(%): 1.08 | MaxDown: -269.4999999999996
INFO - [TRADE STATUS] Symbol: NSE:BANKNIFTY25OCT58400CE | Entry: 258.45 | LTP: 248.65 | SL: 243.45 | Trailing SL: 243.45 | Target: 288.45 | PnL: -342.99999999999943 | MaxUp: 98.0000000000004 | MaxUp(%): 1.08 | MaxDown: -342.99999999999943
INFO - [TRADE STATUS] Symbol: NSE:BANKNIFTY25OCT58400CE | Entry: 258.45 | LTP: 252 | SL: 243.45 | Trailing SL: 243.45 | Target: 288.45 | PnL: -225.7499999999996 | MaxUp: 98.0000000000004 | MaxUp(%): 1.08 | MaxDown: -342.99999999999943
INFO - [TRADE STATUS] Symbol: NSE:BANKNIFTY25OCT58400CE | Entry: 258.45 | LTP: 250.35 | SL: 243.45 | Trailing SL: 243.45 | Target: 288.45 | PnL: -283.4999999999998 | MaxUp: 98.0000000000004 | MaxUp(%): 1.08 | MaxDown: -342.99999999999943
INFO - [TRADE STATUS] Symbol: NSE:BANKNIFTY25OCT58400CE | Entry: 258.45 | LTP: 253.9 | SL: 243.45 | Trailing SL: 243.45 | Target: 288.45 | PnL: -159.2499999999994 | MaxUp: 98.0000000000004 | MaxUp(%): 1.08 | MaxDown: -342.99999999999943
INFO - [TRADE STATUS] Symbol: NSE:BANKNIFTY25OCT58400CE | Entry: 258.45 | LTP: 257.05 | SL: 243.45 | Trailing SL: 243.45 | Target: 288.45 | PnL: -48.999999999999204 | MaxUp: 98.0000000000004 | MaxUp(%): 1.08 | MaxDown: -342.99999999999943
INFO - [TRADE STATUS] Symbol: NSE:BANKNIFTY25OCT58400CE | Entry: 258.45 | LTP: 258.1 | SL: 243.45 | Trailing SL: 243.45 | Target: 288.45 | PnL: -12.249999999998806 | MaxUp: 98.0000000000004 | MaxUp(%): 1.08 | MaxDown: -342.99999999999943
INFO - [TRADE STATUS] Symbol: NSE:BANKNIFTY25OCT58400CE | Entry: 258.45 | LTP: 257.9 | SL: 243.45 | Trailing SL: 243.45 | Target: 288.45 | PnL: -19.250000000000398 | MaxUp: 98.0000000000004 | MaxUp(%): 1.08 | MaxDown: -342.99999999999943
INFO - [TRADE STATUS] Symbol: NSE:BANKNIFTY25OCT58400CE | Entry: 258.45 | LTP: 257.45 | SL: 243.45 | Trailing SL: 243.45 | Target: 288.45 | PnL: -35.0 | MaxUp: 98.0000000000004 | MaxUp(%): 1.08 | MaxDown: -342.99999999999943
INFO - [TRADE STATUS] Symbol: NSE:BANKNIFTY25OCT58400CE | Entry: 258.45 | LTP: 257.5 | SL: 243.45 | Trailing SL: 243.45 | Target: 288.45 | PnL: -33.2499999999996 | MaxUp: 98.0000000000004 | MaxUp(%): 1.08 | MaxDown: -342.99999999999943
INFO - [TRADE STATUS] Symbol: NSE:BANKNIFTY25OCT58400CE | Entry: 258.45 | LTP: 256.6 | SL: 243.45 | Trailing SL: 243.45 | Target: 288.45 | PnL: -64.7499999999988 | MaxUp: 98.0000000000004 | MaxUp(%): 1.08 | MaxDown: -342.99999999999943
INFO - [TRADE STATUS] Symbol: NSE:BANKNIFTY25OCT58400CE | Entry: 258.45 | LTP: 255.8 | SL: 243.45 | Trailing SL: 243.45 | Target: 288.45 | PnL: -92.7499999999992 | MaxUp: 98.0000000000004 | MaxUp(%): 1.08 | MaxDown: -342.99999999999943
INFO - [TRADE STATUS] Symbol: NSE:BANKNIFTY25OCT58400CE | Entry: 258.45 | LTP: 257 | SL: 243.45 | Trailing SL: 243.45 | Target: 288.45 | PnL: -50.7499999999996 | MaxUp: 98.0000000000004 | MaxUp(%): 1.08 | MaxDown: -342.99999999999943
INFO - [TRADE STATUS] Symbol: NSE:BANKNIFTY25OCT58400CE | Entry: 258.45 | LTP: 257.3 | SL: 243.45 | Trailing SL: 243.45 | Target: 288.45 | PnL: -40.249999999999204 | MaxUp: 98.0000000000004 | MaxUp(%): 1.08 | MaxDown: -342.99999999999943
INFO - [TRADE STATUS] Symbol: NSE:BANKNIFTY25OCT58400CE | Entry: 258.45 | LTP: 261.15 | SL: 243.45 | Trailing SL: 243.45 | Target: 288.45 | PnL: 94.4999999999996 | MaxUp: 98.0000000000004 | MaxUp(%): 1.08 | MaxDown: -342.99999999999943
INFO - [TRADE STATUS] Symbol: NSE:BANKNIFTY25OCT58400CE | Entry: 258.45 | LTP: 262.35 | SL: 243.45 | Trailing SL: 243.45 | Target: 288.45 | PnL: 136.5000000000012 | MaxUp: 136.5000000000012 | MaxUp(%): 1.51 | MaxDown: -342.99999999999943
INFO - [TRADE STATUS] Symbol: NSE:BANKNIFTY25OCT58400CE | Entry: 258.45 | LTP: 266.3 | SL: 243.45 | Trailing SL: 243.45 | Target: 288.45 | PnL: 274.7500000000008 | MaxUp: 274.7500000000008 | MaxUp(%): 3.04 | MaxDown: -342.99999999999943
INFO - [TRADE STATUS] Symbol: NSE:BANKNIFTY25OCT58400CE | Entry: 258.45 | LTP: 267 | SL: 243.45 | Trailing SL: 243.45 | Target: 288.45 | PnL: 299.2500000000004 | MaxUp: 299.2500000000004 | MaxUp(%): 3.31 | MaxDown: -342.99999999999943
INFO - [TRADE STATUS] Symbol: NSE:BANKNIFTY25OCT58400CE | Entry: 258.45 | LTP: 267.45 | SL: 243.45 | Trailing SL: 243.45 | Target: 288.45 | PnL: 315.0 | MaxUp: 315.0 | MaxUp(%): 3.48 | MaxDown: -342.99999999999943
INFO - [TRADE STATUS] Symbol: NSE:BANKNIFTY25OCT58400CE | Entry: 258.45 | LTP: 266 | SL: 243.45 | Trailing SL: 243.45 | Target: 288.45 | PnL: 264.2500000000004 | MaxUp: 315.0 | MaxUp(%): 3.48 | MaxDown: -342.99999999999943
INFO - [TRADE STATUS] Symbol: NSE:BANKNIFTY25OCT58400CE | Entry: 258.45 | LTP: 268 | SL: 243.45 | Trailing SL: 243.45 | Target: 288.45 | PnL: 334.2500000000004 | MaxUp: 334.2500000000004 | MaxUp(%): 3.70 | MaxDown: -342.99999999999943
INFO - [TRADE STATUS] Symbol: NSE:BANKNIFTY25OCT58400CE | Entry: 258.45 | LTP: 268.95 | SL: 243.45 | Trailing SL: 243.45 | Target: 288.45 | PnL: 367.5 | MaxUp: 367.5 | MaxUp(%): 4.06 | MaxDown: -342.99999999999943
INFO - [TRADE STATUS] Symbol: NSE:BANKNIFTY25OCT58400CE | Entry: 258.45 | LTP: 267.05 | SL: 243.45 | Trailing SL: 243.45 | Target: 288.45 | PnL: 301.0000000000008 | MaxUp: 367.5 | MaxUp(%): 4.06 | MaxDown: -342.99999999999943
INFO - [TRADE STATUS] Symbol: NSE:BANKNIFTY25OCT58400CE | Entry: 258.45 | LTP: 269.5 | SL: 243.45 | Trailing SL: 243.45 | Target: 288.45 | PnL: 386.7500000000004 | MaxUp: 386.7500000000004 | MaxUp(%): 4.28 | MaxDown: -342.99999999999943
INFO - [TRADE STATUS] Symbol: NSE:BANKNIFTY25OCT58400CE | Entry: 258.45 | LTP: 270.45 | SL: 243.45 | Trailing SL: 243.45 | Target: 288.45 | PnL: 420.0 | MaxUp: 420.0 | MaxUp(%): 4.64 | MaxDown: -342.99999999999943
INFO - [TRADE STATUS] Symbol: NSE:BANKNIFTY25OCT58400CE | Entry: 258.45 | LTP: 273.1 | SL: 243.45 | Trailing SL: 243.45 | Target: 288.45 | PnL: 512.7500000000011 | MaxUp: 512.7500000000011 | MaxUp(%): 5.67 | MaxDown: -342.99999999999943
INFO - [TRADE STATUS] Symbol: NSE:BANKNIFTY25OCT58400CE | Entry: 258.45 | LTP: 272.65 | SL: 243.45 | Trailing SL: 243.45 | Target: 288.45 | PnL: 496.9999999999996 | MaxUp: 512.7500000000011 | MaxUp(%): 5.67 | MaxDown: -342.99999999999943
INFO - [TRADE STATUS] Symbol: NSE:BANKNIFTY25OCT58400CE | Entry: 258.45 | LTP: 270 | SL: 243.45 | Trailing SL: 243.45 | Target: 288.45 | PnL: 404.2500000000004 | MaxUp: 512.7500000000011 | MaxUp(%): 5.67 | MaxDown: -342.99999999999943
INFO - [TRADE STATUS] Symbol: NSE:BANKNIFTY25OCT58400CE | Entry: 258.45 | LTP: 271.8 | SL: 243.45 | Trailing SL: 243.45 | Target: 288.45 | PnL: 467.2500000000008 | MaxUp: 512.7500000000011 | MaxUp(%): 5.67 | MaxDown: -342.99999999999943
INFO - [TRADE STATUS] Symbol: NSE:BANKNIFTY25OCT58400CE | Entry: 258.45 | LTP: 269.35 | SL: 243.45 | Trailing SL: 243.45 | Target: 288.45 | PnL: 381.5000000000012 | MaxUp: 512.7500000000011 | MaxUp(%): 5.67 | MaxDown: -342.99999999999943
INFO - [TRADE STATUS] Symbol: NSE:BANKNIFTY25OCT58400CE | Entry: 258.45 | LTP: 267.5 | SL: 243.45 | Trailing SL: 243.45 | Target: 288.45 | PnL: 316.7500000000004 | MaxUp: 512.7500000000011 | MaxUp(%): 5.67 | MaxDown: -342.99999999999943
INFO - [TRADE STATUS] Symbol: NSE:BANKNIFTY25OCT58400CE | Entry: 258.45 | LTP: 270.7 | SL: 243.45 | Trailing SL: 243.45 | Target: 288.45 | PnL: 428.75 | MaxUp: 512.7500000000011 | MaxUp(%): 5.67 | MaxDown: -342.99999999999943
INFO - [TRADE STATUS] Symbol: NSE:BANKNIFTY25OCT58400CE | Entry: 258.45 | LTP: 270.15 | SL: 243.45 | Trailing SL: 243.45 | Target: 288.45 | PnL: 409.4999999999996 | MaxUp: 512.7500000000011 | MaxUp(%): 5.67 | MaxDown: -342.99999999999943
INFO - [TRADE STATUS] Symbol: NSE:BANKNIFTY25OCT58400CE | Entry: 258.45 | LTP: 270.2 | SL: 243.45 | Trailing SL: 243.45 | Target: 288.45 | PnL: 411.25 | MaxUp: 512.7500000000011 | MaxUp(%): 5.67 | MaxDown: -342.99999999999943
INFO - [TRADE STATUS] Symbol: NSE:BANKNIFTY25OCT58400CE | Entry: 258.45 | LTP: 269.25 | SL: 243.45 | Trailing SL: 243.45 | Target: 288.45 | PnL: 378.0000000000004 | MaxUp: 512.7500000000011 | MaxUp(%): 5.67 | MaxDown: -342.99999999999943
INFO - [TRADE STATUS] Symbol: NSE:BANKNIFTY25OCT58400CE | Entry: 258.45 | LTP: 265 | SL: 243.45 | Trailing SL: 243.45 | Target: 288.45 | PnL: 229.2500000000004 | MaxUp: 512.7500000000011 | MaxUp(%): 5.67 | MaxDown: -342.99999999999943
INFO - [TRADE STATUS] Symbol: NSE:BANKNIFTY25OCT58400CE | Entry: 258.45 | LTP: 262.5 | SL: 243.45 | Trailing SL: 243.45 | Target: 288.45 | PnL: 141.7500000000004 | MaxUp: 512.7500000000011 | MaxUp(%): 5.67 | MaxDown: -342.99999999999943
INFO - [TRADE STATUS] Symbol: NSE:BANKNIFTY25OCT58400CE | Entry: 258.45 | LTP: 257.05 | SL: 243.45 | Trailing SL: 243.45 | Target: 288.45 | PnL: -48.999999999999204 | MaxUp: 512.7500000000011 | MaxUp(%): 5.67 | MaxDown: -342.99999999999943
INFO - [TRADE STATUS] Symbol: NSE:BANKNIFTY25OCT58400CE | Entry: 258.45 | LTP: 258.05 | SL: 243.45 | Trailing SL: 243.45 | Target: 288.45 | PnL: -13.999999999999204 | MaxUp: 512.7500000000011 | MaxUp(%): 5.67 | MaxDown: -342.99999999999943
INFO - [TRADE STATUS] Symbol: NSE:BANKNIFTY25OCT58400CE | Entry: 258.45 | LTP: 257.05 | SL: 243.45 | Trailing SL: 243.45 | Target: 288.45 | PnL: -48.999999999999204 | MaxUp: 512.7500000000011 | MaxUp(%): 5.67 | MaxDown: -342.99999999999943
INFO - [TRADE STATUS] Symbol: NSE:BANKNIFTY25OCT58400CE | Entry: 258.45 | LTP: 261.25 | SL: 243.45 | Trailing SL: 243.45 | Target: 288.45 | PnL: 98.0000000000004 | MaxUp: 512.7500000000011 | MaxUp(%): 5.67 | MaxDown: -342.99999999999943
INFO - [TRADE STATUS] Symbol: NSE:BANKNIFTY25OCT58400CE | Entry: 258.45 | LTP: 262.85 | SL: 243.45 | Trailing SL: 243.45 | Target: 288.45 | PnL: 154.0000000000012 | MaxUp: 512.7500000000011 | MaxUp(%): 5.67 | MaxDown: -342.99999999999943
INFO - [TRADE STATUS] Symbol: NSE:BANKNIFTY25OCT58400CE | Entry: 258.45 | LTP: 261.3 | SL: 243.45 | Trailing SL: 243.45 | Target: 288.45 | PnL: 99.7500000000008 | MaxUp: 512.7500000000011 | MaxUp(%): 5.67 | MaxDown: -342.99999999999943
INFO - [TRADE STATUS] Symbol: NSE:BANKNIFTY25OCT58400CE | Entry: 258.45 | LTP: 260.35 | SL: 243.45 | Trailing SL: 243.45 | Target: 288.45 | PnL: 66.5000000000012 | MaxUp: 512.7500000000011 | MaxUp(%): 5.67 | MaxDown: -342.99999999999943
INFO - [TRADE STATUS] Symbol: NSE:BANKNIFTY25OCT58400CE | Entry: 258.45 | LTP: 264.25 | SL: 243.45 | Trailing SL: 243.45 | Target: 288.45 | PnL: 203.0000000000004 | MaxUp: 512.7500000000011 | MaxUp(%): 5.67 | MaxDown: -342.99999999999943
INFO - [TRADE STATUS] Symbol: NSE:BANKNIFTY25OCT58400CE | Entry: 258.45 | LTP: 261.5 | SL: 243.45 | Trailing SL: 243.45 | Target: 288.45 | PnL: 106.7500000000004 | MaxUp: 512.7500000000011 | MaxUp(%): 5.67 | MaxDown: -342.99999999999943
INFO - [TRADE STATUS] Symbol: NSE:BANKNIFTY25OCT58400CE | Entry: 258.45 | LTP: 257.1 | SL: 243.45 | Trailing SL: 243.45 | Target: 288.45 | PnL: -47.249999999998806 | MaxUp: 512.7500000000011 | MaxUp(%): 5.67 | MaxDown: -342.99999999999943
INFO - [TRADE STATUS] Symbol: NSE:BANKNIFTY25OCT58400CE | Entry: 258.45 | LTP: 259.75 | SL: 243.45 | Trailing SL: 243.45 | Target: 288.45 | PnL: 45.5000000000004 | MaxUp: 512.7500000000011 | MaxUp(%): 5.67 | MaxDown: -342.99999999999943
INFO - [TRADE STATUS] Symbol: NSE:BANKNIFTY25OCT58400CE | Entry: 258.45 | LTP: 260 | SL: 243.45 | Trailing SL: 243.45 | Target: 288.45 | PnL: 54.2500000000004 | MaxUp: 512.7500000000011 | MaxUp(%): 5.67 | MaxDown: -342.99999999999943
INFO - [TRADE STATUS] Symbol: NSE:BANKNIFTY25OCT58400CE | Entry: 258.45 | LTP: 260.3 | SL: 243.45 | Trailing SL: 243.45 | Target: 288.45 | PnL: 64.7500000000008 | MaxUp: 512.7500000000011 | MaxUp(%): 5.67 | MaxDown: -342.99999999999943
INFO - [TRADE STATUS] Symbol: NSE:BANKNIFTY25OCT58400CE | Entry: 258.45 | LTP: 261.6 | SL: 243.45 | Trailing SL: 243.45 | Target: 288.45 | PnL: 110.2500000000012 | MaxUp: 512.7500000000011 | MaxUp(%): 5.67 | MaxDown: -342.99999999999943
INFO - [TRADE STATUS] Symbol: NSE:BANKNIFTY25OCT58400CE | Entry: 258.45 | LTP: 264.6 | SL: 243.45 | Trailing SL: 243.45 | Target: 288.45 | PnL: 215.2500000000012 | MaxUp: 512.7500000000011 | MaxUp(%): 5.67 | MaxDown: -342.99999999999943
INFO - [TRADE STATUS] Symbol: NSE:BANKNIFTY25OCT58400CE | Entry: 258.45 | LTP: 266 | SL: 243.45 | Trailing SL: 243.45 | Target: 288.45 | PnL: 264.2500000000004 | MaxUp: 512.7500000000011 | MaxUp(%): 5.67 | MaxDown: -342.99999999999943
INFO - [TRADE STATUS] Symbol: NSE:BANKNIFTY25OCT58400CE | Entry: 258.45 | LTP: 265.5 | SL: 243.45 | Trailing SL: 243.45 | Target: 288.45 | PnL: 246.7500000000004 | MaxUp: 512.7500000000011 | MaxUp(%): 5.67 | MaxDown: -342.99999999999943
INFO - [TRADE STATUS] Symbol: NSE:BANKNIFTY25OCT58400CE | Entry: 258.45 | LTP: 265 | SL: 243.45 | Trailing SL: 243.45 | Target: 288.45 | PnL: 229.2500000000004 | MaxUp: 512.7500000000011 | MaxUp(%): 5.67 | MaxDown: -342.99999999999943
INFO - [TRADE STATUS] Symbol: NSE:BANKNIFTY25OCT58400CE | Entry: 258.45 | LTP: 259.05 | SL: 243.45 | Trailing SL: 243.45 | Target: 288.45 | PnL: 21.000000000000796 | MaxUp: 512.7500000000011 | MaxUp(%): 5.67 | MaxDown: -342.99999999999943
INFO - [TRADE STATUS] Symbol: NSE:BANKNIFTY25OCT58400CE | Entry: 258.45 | LTP: 260.4 | SL: 243.45 | Trailing SL: 243.45 | Target: 288.45 | PnL: 68.2499999999996 | MaxUp: 512.7500000000011 | MaxUp(%): 5.67 | MaxDown: -342.99999999999943
INFO - [TRADE STATUS] Symbol: NSE:BANKNIFTY25OCT58400CE | Entry: 258.45 | LTP: 258.15 | SL: 243.45 | Trailing SL: 243.45 | Target: 288.45 | PnL: -10.500000000000398 | MaxUp: 512.7500000000011 | MaxUp(%): 5.67 | MaxDown: -342.99999999999943
INFO - [TRADE STATUS] Symbol: NSE:BANKNIFTY25OCT58400CE | Entry: 258.45 | LTP: 259 | SL: 243.45 | Trailing SL: 243.45 | Target: 288.45 | PnL: 19.250000000000398 | MaxUp: 512.7500000000011 | MaxUp(%): 5.67 | MaxDown: -342.99999999999943
INFO - [TRADE STATUS] Symbol: NSE:BANKNIFTY25OCT58400CE | Entry: 258.45 | LTP: 259 | SL: 243.45 | Trailing SL: 243.45 | Target: 288.45 | PnL: 19.250000000000398 | MaxUp: 512.7500000000011 | MaxUp(%): 5.67 | MaxDown: -342.99999999999943
INFO - [TRADE STATUS] Symbol: NSE:BANKNIFTY25OCT58400CE | Entry: 258.45 | LTP: 255.45 | SL: 243.45 | Trailing SL: 243.45 | Target: 288.45 | PnL: -105.0 | MaxUp: 512.7500000000011 | MaxUp(%): 5.67 | MaxDown: -342.99999999999943
INFO - [TRADE STATUS] Symbol: NSE:BANKNIFTY25OCT58400CE | Entry: 258.45 | LTP: 250.45 | SL: 243.45 | Trailing SL: 243.45 | Target: 288.45 | PnL: -280.0 | MaxUp: 512.7500000000011 | MaxUp(%): 5.67 | MaxDown: -342.99999999999943
INFO - [TRADE STATUS] Symbol: NSE:BANKNIFTY25OCT58400CE | Entry: 258.45 | LTP: 249.95 | SL: 243.45 | Trailing SL: 243.45 | Target: 288.45 | PnL: -297.5 | MaxUp: 512.7500000000011 | MaxUp(%): 5.67 | MaxDown: -342.99999999999943
INFO - [TRADE STATUS] Symbol: NSE:BANKNIFTY25OCT58400CE | Entry: 258.45 | LTP: 250.5 | SL: 243.45 | Trailing SL: 243.45 | Target: 288.45 | PnL: -278.2499999999996 | MaxUp: 512.7500000000011 | MaxUp(%): 5.67 | MaxDown: -342.99999999999943
INFO - [TRADE STATUS] Symbol: NSE:BANKNIFTY25OCT58400CE | Entry: 258.45 | LTP: 246.8 | SL: 243.45 | Trailing SL: 243.45 | Target: 288.45 | PnL: -407.7499999999992 | MaxUp: 512.7500000000011 | MaxUp(%): 5.67 | MaxDown: -407.7499999999992
INFO - [TRADE STATUS] Symbol: NSE:BANKNIFTY25OCT58400CE | Entry: 258.45 | LTP: 249.9 | SL: 243.45 | Trailing SL: 243.45 | Target: 288.45 | PnL: -299.24999999999943 | MaxUp: 512.7500000000011 | MaxUp(%): 5.67 | MaxDown: -407.7499999999992
INFO - [TRADE STATUS] Symbol: NSE:BANKNIFTY25OCT58400CE | Entry: 258.45 | LTP: 253.65 | SL: 243.45 | Trailing SL: 243.45 | Target: 288.45 | PnL: -167.9999999999994 | MaxUp: 512.7500000000011 | MaxUp(%): 5.67 | MaxDown: -407.7499999999992
INFO - [TRADE STATUS] Symbol: NSE:BANKNIFTY25OCT58400CE | Entry: 258.45 | LTP: 253.45 | SL: 243.45 | Trailing SL: 243.45 | Target: 288.45 | PnL: -175.0 | MaxUp: 512.7500000000011 | MaxUp(%): 5.67 | MaxDown: -407.7499999999992
INFO - [TRADE STATUS] Symbol: NSE:BANKNIFTY25OCT58400CE | Entry: 258.45 | LTP: 248.1 | SL: 243.45 | Trailing SL: 243.45 | Target: 288.45 | PnL: -362.2499999999998 | MaxUp: 512.7500000000011 | MaxUp(%): 5.67 | MaxDown: -407.7499999999992
INFO - [TRADE STATUS] Symbol: NSE:BANKNIFTY25OCT58400CE | Entry: 258.45 | LTP: 247.1 | SL: 243.45 | Trailing SL: 243.45 | Target: 288.45 | PnL: -397.2499999999998 | MaxUp: 512.7500000000011 | MaxUp(%): 5.67 | MaxDown: -407.7499999999992
INFO - [TRADE STATUS] Symbol: NSE:BANKNIFTY25OCT58400CE | Entry: 258.45 | LTP: 244.95 | SL: 243.45 | Trailing SL: 243.45 | Target: 288.45 | PnL: -472.5 | MaxUp: 512.7500000000011 | MaxUp(%): 5.67 | MaxDown: -472.5
INFO - [TRADE STATUS] Symbol: NSE:BANKNIFTY25OCT58400CE | Entry: 258.45 | LTP: 240 | SL: 243.45 | Trailing SL: 243.45 | Target: 288.45 | PnL: -645.7499999999995 | MaxUp: 512.7500000000011 | MaxUp(%): 5.67 | MaxDown: -645.7499999999995
INFO - [EXIT] Stop Loss hit for NSE:BANKNIFTY25OCT58400CE at 240
INFO - Trade logged: 2025-10-23 09:27:43,NSE:BANKNIFTY25OCT58400CE,BUY,240,35,STOPLOSS
INFO - Fyers client authenticated successfully
INFO - Starting 5-min breakout strategy (BANKNIFTY).
INFO - Reached 9:20 IST. Proceeding to fetch first 5-min candle.
INFO - 5-min OHLC for NSE:NIFTYBANK-INDEX: O=58314.55, H=58381.75, L=58157.6, C=58229.7, Time=09:15
INFO - 5-min OHLC for option NSE:BANKNIFTY25OCT58400CE: O=225.0, H=251.05, L=195.3, C=216.9, Time=09:15
INFO - 5-min OHLC for option NSE:BANKNIFTY25OCT58200PE: O=300.0, H=353.15, L=258.7, C=324.9, Time=09:15
INFO - Monitoring CE NSE:BANKNIFTY25OCT58400CE for breakout above 256.05
INFO - Monitoring PE NSE:BANKNIFTY25OCT58200PE for breakout above 358.15
INFO - Monitoring: CE NSE:BANKNIFTY25OCT58400CE LTP: 245.70 | Need > 256.05
INFO - Monitoring: PE NSE:BANKNIFTY25OCT58200PE LTP: 303.80 | Need > 358.15
INFO - Monitoring: CE NSE:BANKNIFTY25OCT58400CE LTP: 248.20 | Need > 256.05
INFO - Monitoring: PE NSE:BANKNIFTY25OCT58200PE LTP: 306.60 | Need > 358.15
INFO - Monitoring: CE NSE:BANKNIFTY25OCT58400CE LTP: 251.90 | Need > 256.05
INFO - Monitoring: PE NSE:BANKNIFTY25OCT58200PE LTP: 300.50 | Need > 358.15
INFO - *** BREAKOUT DETECTED! CE NSE:BANKNIFTY25OCT58400CE LTP: 258.15 > 256.05
INFO -    Premium over breakout: 0.8% (within 5% limit)
INFO - Trade ENTRY: BUY NSE:BANKNIFTY25OCT58400CE - 1 lots (35 qty) at 258.15 | Time: 2025-10-23 09:28:03
INFO -    Stop Loss: 243.14999999999998 | Target: 288.15
INFO - Trade logged: 2025-10-23 09:28:03,NSE:BANKNIFTY25OCT58400CE,BUY,258.15,35,ENTRY
INFO - [TRADE STATUS] Symbol: NSE:BANKNIFTY25OCT58400CE | Entry: 258.15 | LTP: 262.7 | SL: 243.14999999999998 | Trailing SL: 243.14999999999998 | Target: 288.15 | PnL: 159.2500000000004 | MaxUp: 159.2500000000004 | MaxUp(%): 1.76 | MaxDown: 159.2500000000004
INFO - [TRADE STATUS] Symbol: NSE:BANKNIFTY25OCT58400CE | Entry: 258.15 | LTP: 259.9 | SL: 243.14999999999998 | Trailing SL: 243.14999999999998 | Target: 288.15 | PnL: 61.25 | MaxUp: 159.2500000000004 | MaxUp(%): 1.76 | MaxDown: 61.25
INFO - [TRADE STATUS] Symbol: NSE:BANKNIFTY25OCT58400CE | Entry: 258.15 | LTP: 262.15 | SL: 243.14999999999998 | Trailing SL: 243.14999999999998 | Target: 288.15 | PnL: 140.0 | MaxUp: 159.2500000000004 | MaxUp(%): 1.76 | MaxDown: 61.25
INFO - [TRADE STATUS] Symbol: NSE:BANKNIFTY25OCT58400CE | Entry: 258.15 | LTP: 262.5 | SL: 243.14999999999998 | Trailing SL: 243.14999999999998 | Target: 288.15 | PnL: 152.2500000000008 | MaxUp: 159.2500000000004 | MaxUp(%): 1.76 | MaxDown: 61.25
INFO - [TRADE STATUS] Symbol: NSE:BANKNIFTY25OCT58400CE | Entry: 258.15 | LTP: 262.35 | SL: 243.14999999999998 | Trailing SL: 243.14999999999998 | Target: 288.15 | PnL: 147.0000000000016 | MaxUp: 159.2500000000004 | MaxUp(%): 1.76 | MaxDown: 61.25
INFO - [TRADE STATUS] Symbol: NSE:BANKNIFTY25OCT58400CE | Entry: 258.15 | LTP: 263 | SL: 243.14999999999998 | Trailing SL: 243.14999999999998 | Target: 288.15 | PnL: 169.7500000000008 | MaxUp: 169.7500000000008 | MaxUp(%): 1.88 | MaxDown: 61.25
INFO - [TRADE STATUS] Symbol: NSE:BANKNIFTY25OCT58400CE | Entry: 258.15 | LTP: 262.8 | SL: 243.14999999999998 | Trailing SL: 243.14999999999998 | Target: 288.15 | PnL: 162.7500000000012 | MaxUp: 169.7500000000008 | MaxUp(%): 1.88 | MaxDown: 61.25
INFO - [TRADE STATUS] Symbol: NSE:BANKNIFTY25OCT58400CE | Entry: 258.15 | LTP: 263.7 | SL: 243.14999999999998 | Trailing SL: 243.14999999999998 | Target: 288.15 | PnL: 194.2500000000004 | MaxUp: 194.2500000000004 | MaxUp(%): 2.15 | MaxDown: 61.25
INFO - [TRADE STATUS] Symbol: NSE:BANKNIFTY25OCT58400CE | Entry: 258.15 | LTP: 263.4 | SL: 243.14999999999998 | Trailing SL: 243.14999999999998 | Target: 288.15 | PnL: 183.75 | MaxUp: 194.2500000000004 | MaxUp(%): 2.15 | MaxDown: 61.25
INFO - [TRADE STATUS] Symbol: NSE:BANKNIFTY25OCT58400CE | Entry: 258.15 | LTP: 266.95 | SL: 243.14999999999998 | Trailing SL: 243.14999999999998 | Target: 288.15 | PnL: 308.0000000000004 | MaxUp: 308.0000000000004 | MaxUp(%): 3.41 | MaxDown: 61.25
INFO - [TRADE STATUS] Symbol: NSE:BANKNIFTY25OCT58400CE | Entry: 258.15 | LTP: 265.55 | SL: 243.14999999999998 | Trailing SL: 243.14999999999998 | Target: 288.15 | PnL: 259.0000000000012 | MaxUp: 308.0000000000004 | MaxUp(%): 3.41 | MaxDown: 61.25
INFO - [TRADE STATUS] Symbol: NSE:BANKNIFTY25OCT58400CE | Entry: 258.15 | LTP: 265.3 | SL: 243.14999999999998 | Trailing SL: 243.14999999999998 | Target: 288.15 | PnL: 250.2500000000012 | MaxUp: 308.0000000000004 | MaxUp(%): 3.41 | MaxDown: 61.25
INFO - [TRADE STATUS] Symbol: NSE:BANKNIFTY25OCT58400CE | Entry: 258.15 | LTP: 264.45 | SL: 243.14999999999998 | Trailing SL: 243.14999999999998 | Target: 288.15 | PnL: 220.5000000000004 | MaxUp: 308.0000000000004 | MaxUp(%): 3.41 | MaxDown: 61.25
INFO - [TRADE STATUS] Symbol: NSE:BANKNIFTY25OCT58400CE | Entry: 258.15 | LTP: 266.15 | SL: 243.14999999999998 | Trailing SL: 243.14999999999998 | Target: 288.15 | PnL: 280.0 | MaxUp: 308.0000000000004 | MaxUp(%): 3.41 | MaxDown: 61.25
INFO - [TRADE STATUS] Symbol: NSE:BANKNIFTY25OCT58400CE | Entry: 258.15 | LTP: 267.85 | SL: 243.14999999999998 | Trailing SL: 243.14999999999998 | Target: 288.15 | PnL: 339.5000000000016 | MaxUp: 339.5000000000016 | MaxUp(%): 3.76 | MaxDown: 61.25
